<?xml version="1.0" encoding="UTF-8"?>
<!-- Generated by org.testng.reporters.JUnitXMLReporter -->
<testsuite ignored="0" hostname="jayas-MacBook-Air.local" failures="0" tests="3" name="Default test" time="17.188" errors="0" timestamp="2026-03-03T21:11:54 IST">
  <testcase classname="tests.SubmitOrderTest" name="submitOrder" time="3.404"/>
  <testcase classname="tests.SubmitOrderTest" name="submitOrder" time="3.381"/>
  <testcase classname="tests.SubmitOrderTest" name="orderHistoryTest" time="0.771"/>
</testsuite> <!-- Default test -->
