<?xml version="1.0" encoding="UTF-8"?>
<!-- Generated by org.testng.reporters.JUnitXMLReporter -->
<testsuite ignored="1" hostname="jayas-MacBook-Air.local" failures="0" tests="1" name="Test" time="3.993" errors="0" timestamp="2026-03-03T21:08:49 IST">
  <testcase classname="tests.ValidationErrorTest" name="loginErrorValidation" time="0.79"/>
  <testcase classname="tests.ValidationErrorTest" name="productErrorValidation" time="0.0">
    <ignored/>
  </testcase> <!-- productErrorValidation -->
</testsuite> <!-- Test -->
