<?xml version="1.0" encoding="UTF-8"?>
<testng-results ignored="0" total="3" passed="3" failed="0" skipped="0">
  <reporter-output>
  </reporter-output>
  <suite started-at="2026-03-03T21:11:31 IST" name="Default suite" finished-at="2026-03-03T21:11:49 IST" duration-ms="17188">
    <groups>
      <group name="Purchase">
        <method signature="SubmitOrderTest.submitOrder(java.util.Map)[pri:0, instance:tests.SubmitOrderTest@22555ebf]" name="submitOrder" class="tests.SubmitOrderTest"/>
      </group> <!-- Purchase -->
    </groups>
    <test started-at="2026-03-03T21:11:31 IST" name="Default test" finished-at="2026-03-03T21:11:49 IST" duration-ms="17188">
      <class name="tests.SubmitOrderTest">
        <test-method is-config="true" signature="lauchApplication()[pri:0, instance:tests.SubmitOrderTest@22555ebf]" started-at="2026-03-03T21:11:32 IST" name="lauchApplication" finished-at="2026-03-03T21:11:36 IST" duration-ms="4330" status="PASS">
          <reporter-output>
          </reporter-output>
        </test-method> <!-- lauchApplication -->
        <test-method signature="submitOrder(java.util.Map)[pri:0, instance:tests.SubmitOrderTest@22555ebf]" started-at="2026-03-03T21:11:36 IST" name="submitOrder" data-provider="getData" finished-at="2026-03-03T21:11:39 IST" duration-ms="3404" status="PASS">
          <params>
            <param index="0">
              <value>
                <![CDATA[{password=StrongPassword1!, product=ZARA COAT 3, email=testEmail@gmail.com}]]>
              </value>
            </param>
          </params>
          <reporter-output>
          </reporter-output>
        </test-method> <!-- submitOrder -->
        <test-method is-config="true" signature="tearDown()[pri:0, instance:tests.SubmitOrderTest@22555ebf]" started-at="2026-03-03T21:11:39 IST" name="tearDown" finished-at="2026-03-03T21:11:39 IST" duration-ms="102" status="PASS">
          <reporter-output>
          </reporter-output>
        </test-method> <!-- tearDown -->
        <test-method is-config="true" signature="lauchApplication()[pri:0, instance:tests.SubmitOrderTest@22555ebf]" started-at="2026-03-03T21:11:39 IST" name="lauchApplication" finished-at="2026-03-03T21:11:42 IST" duration-ms="2948" status="PASS">
          <reporter-output>
          </reporter-output>
        </test-method> <!-- lauchApplication -->
        <test-method signature="submitOrder(java.util.Map)[pri:0, instance:tests.SubmitOrderTest@22555ebf]" started-at="2026-03-03T21:11:42 IST" name="submitOrder" data-provider="getData" finished-at="2026-03-03T21:11:46 IST" duration-ms="3381" status="PASS">
          <params>
            <param index="0">
              <value>
                <![CDATA[{password=Orange@0912, product=ADIDAS ORIGINAL, email=jayadileepb@gmail.com}]]>
              </value>
            </param>
          </params>
          <reporter-output>
          </reporter-output>
        </test-method> <!-- submitOrder -->
        <test-method is-config="true" signature="tearDown()[pri:0, instance:tests.SubmitOrderTest@22555ebf]" started-at="2026-03-03T21:11:46 IST" name="tearDown" finished-at="2026-03-03T21:11:46 IST" duration-ms="101" status="PASS">
          <reporter-output>
          </reporter-output>
        </test-method> <!-- tearDown -->
        <test-method is-config="true" signature="lauchApplication()[pri:0, instance:tests.SubmitOrderTest@22555ebf]" started-at="2026-03-03T21:11:46 IST" name="lauchApplication" finished-at="2026-03-03T21:11:48 IST" duration-ms="1899" status="PASS">
          <reporter-output>
          </reporter-output>
        </test-method> <!-- lauchApplication -->
        <test-method signature="orderHistoryTest()[pri:0, instance:tests.SubmitOrderTest@22555ebf]" started-at="2026-03-03T21:11:48 IST" name="orderHistoryTest" finished-at="2026-03-03T21:11:48 IST" depends-on-methods="tests.SubmitOrderTest.submitOrder" duration-ms="771" status="PASS">
          <reporter-output>
          </reporter-output>
        </test-method> <!-- orderHistoryTest -->
        <test-method is-config="true" signature="tearDown()[pri:0, instance:tests.SubmitOrderTest@22555ebf]" started-at="2026-03-03T21:11:48 IST" name="tearDown" finished-at="2026-03-03T21:11:49 IST" duration-ms="97" status="PASS">
          <reporter-output>
          </reporter-output>
        </test-method> <!-- tearDown -->
      </class> <!-- tests.SubmitOrderTest -->
    </test> <!-- Default test -->
  </suite> <!-- Default suite -->
</testng-results>
