<?xml version="1.0" encoding="UTF-8"?>
<!-- Generated by org.testng.reporters.JUnitReportReporter -->
<testsuite hostname="jayas-MacBook-Air.local" failures="0" tests="3" name="tests.SubmitOrderTest" time="17.033" errors="0" timestamp="2026-03-03T21:11:54 IST" skipped="0">
  <testcase classname="tests.SubmitOrderTest" name="orderHistoryTest" time="5.203"/>
  <testcase classname="tests.SubmitOrderTest" name="submitOrder" time="6.449"/>
  <testcase classname="tests.SubmitOrderTest" name="submitOrder" time="5.381"/>
</testsuite> <!-- tests.SubmitOrderTest -->
